\BOOKMARK [1][-]{section*.1}{Introduction}{}% 1
\BOOKMARK [2][-]{section*.2}{The Three-dimensional Scalar, Vector, Tensor Basis}{section*.1}% 2
\BOOKMARK [2][-]{section*.3}{The Decomposition Theorem}{section*.1}% 3
\BOOKMARK [2][-]{section*.4}{Robertson-Walker Considerations}{section*.1}% 4
\BOOKMARK [2][-]{section*.5}{Fluctuations with a New External Source}{section*.1}% 5
\BOOKMARK [2][-]{section*.6}{The Four-dimensional Scalar, Vector, Tensor Basis}{section*.1}% 6
\BOOKMARK [2][-]{section*.7}{Organization of the Paper}{section*.1}% 7
\BOOKMARK [1][-]{section*.8}{The SVT3 expansion, gauge invariance and asymptotic behavior}{}% 8
\BOOKMARK [1][-]{section*.9}{SVTD expansion around a D-dimensional flat spacetime}{}% 9
\BOOKMARK [1][-]{section*.10}{Relating the SVT4 and SVT3 bases}{}% 10
\BOOKMARK [1][-]{section*.11}{Solving the SVT4 fluctuation equations \205 flat background}{}% 11
\BOOKMARK [1][-]{section*.12}{Solving the SVT4 fluctuation equations \205 de Sitter background}{}% 12
\BOOKMARK [2][-]{section*.13}{Defining the SVT4 Fluctuations Without a Conformal Factor}{section*.12}% 13
\BOOKMARK [2][-]{section*.14}{Application of SVT4 to de Sitter Fluctuation Equations}{section*.12}% 14
\BOOKMARK [2][-]{section*.15}{Defining the SVT4 Fluctuations With a Conformal Factor}{section*.12}% 15
\BOOKMARK [2][-]{section*.16}{Some General Comments}{section*.12}% 16
\BOOKMARK [1][-]{section*.17}{Solving the SVT3 fluctuation equations \205 de Sitter background}{}% 17
\BOOKMARK [1][-]{section*.18}{Solving the SVT3 Fluctuation Equations \205 Radiation Era Spatially Flat Robertson-Walker Background}{}% 18
\BOOKMARK [1][-]{section*.19}{Solving the SVT3 Fluctuation Equations \205 General Robertson-Walker Backgrounds}{}% 19
\BOOKMARK [2][-]{section*.20}{Setting up the Equations}{section*.19}% 20
\BOOKMARK [2][-]{section*.21}{What is Needed to get a Decomposition Theorem}{section*.19}% 21
\BOOKMARK [2][-]{section*.22}{Establishing Gauge Invariance}{section*.19}% 22
\BOOKMARK [2][-]{section*.23}{Solving the Background}{section*.19}% 23
\BOOKMARK [2][-]{section*.24}{Relating \040and p}{section*.19}% 24
\BOOKMARK [1][-]{section*.25}{Implementing the Boundary Conditions for k=-1}{}% 25
\BOOKMARK [2][-]{section*.26}{The Scalar Sector}{section*.25}% 26
\BOOKMARK [2][-]{section*.27}{The Vector Sector}{section*.25}% 27
\BOOKMARK [2][-]{section*.28}{The Tensor Sector}{section*.25}% 28
\BOOKMARK [1][-]{section*.29}{Recovering the Decomposition Theorem}{}% 29
\BOOKMARK [1][-]{section*.30}{The SVT4 Fluctuation Equations \205 General Robertson-Walker Backgrounds}{}% 30
\BOOKMARK [2][-]{section*.31}{The Background}{section*.30}% 31
\BOOKMARK [2][-]{section*.32}{The SVT4 Fluctuations}{section*.30}% 32
\BOOKMARK [1][-]{section*.33}{Cosmological Perturbations in Conformal Gravity}{}% 33
\BOOKMARK [2][-]{section*.34}{SVT3 Conformal Gravity Cosmological Fluctuations}{section*.33}% 34
\BOOKMARK [2][-]{section*.35}{SVT4 Conformal Gravity Cosmological Fluctuations}{section*.33}% 35
\BOOKMARK [1][-]{section*.36}{The Decomposition Theorem is for Gauge Invariant Quantities and not for Separate Scalar, Vector and Tensor Components}{}% 36
\BOOKMARK [2][-]{section*.37}{Fluctuations Around an Anti de Sitter Background}{section*.36}% 37
\BOOKMARK [2][-]{section*.38}{Fluctuations Around a General Conformal to Flat Background}{section*.36}% 38
\BOOKMARK [2][-]{section*.39}{Taking Advantage of the Gauge Freedom}{section*.36}% 39
\BOOKMARK [1][-]{section*.40}{Conclusions}{}% 40
\BOOKMARK [1][-]{section*.41}{Equivalence of the SVT Formalism to the Projection Operator Approach}{}% 41
\BOOKMARK [2][-]{section*.42}{Vector Fields}{section*.41}% 42
\BOOKMARK [2][-]{section*.43}{Transverse and Longitudinal Projection Operators for Flat Spacetime Tensor Fields}{section*.41}% 43
\BOOKMARK [2][-]{section*.44}{Transverse-Traceless Projection Operators for Flat Spacetime Tensor Fields}{section*.41}% 44
\BOOKMARK [2][-]{section*.45}{Transverse and Longitudinal Projection Operators for Curved Spacetime Tensor Fields}{section*.41}% 45
\BOOKMARK [2][-]{section*.46}{D-dimensional SVTD Transverse-Traceless Projection Operators for Curved Spacetime Tensor Fields}{section*.41}% 46
\BOOKMARK [1][-]{section*.47}{References}{}% 47
