\BOOKMARK [1][-]{section.1}{Title Page}{}% 1
\BOOKMARK [1][-]{section.2}{Overview}{}% 2
\BOOKMARK [1][-]{section.3}{Cosmological Geometries}{}% 3
\BOOKMARK [1][-]{section.4}{Cosmological Geometries - Robertson Walker}{}% 4
\BOOKMARK [1][-]{section.5}{Einstein Gravity}{}% 5
\BOOKMARK [1][-]{section.6}{Cosmological Perturbation Theory}{}% 6
\BOOKMARK [1][-]{section.7}{Coordinate Transformations}{}% 7
\BOOKMARK [1][-]{section.8}{Solution Methods}{}% 8
\BOOKMARK [1][-]{section.9}{SVT3 Decomposition}{}% 9
\BOOKMARK [1][-]{section.10}{SVT3 G in a de Sitter Background 1/3}{}% 10
\BOOKMARK [1][-]{section.11}{SVT3 G in a de Sitter Background 2/3}{}% 11
\BOOKMARK [1][-]{section.12}{SVT3 G in a de Sitter Background 3/3}{}% 12
\BOOKMARK [1][-]{section.13}{SVT3 Integral Formulation 1/4}{}% 13
\BOOKMARK [1][-]{section.14}{SVT3 Integral Formulation 2/4}{}% 14
\BOOKMARK [1][-]{section.15}{SVT3 Integral Formulation 3/4}{}% 15
\BOOKMARK [1][-]{section.16}{SVT3 Integral Formulation 4/4}{}% 16
\BOOKMARK [1][-]{section.17}{SVT4 Setup}{}% 17
\BOOKMARK [1][-]{section.18}{SVTD Integral Formulation - Maximally Symmetric Space 1/2}{}% 18
\BOOKMARK [1][-]{section.19}{SVTD Integral Formulation - Maximally Symmetric Space 2/2}{}% 19
\BOOKMARK [1][-]{section.20}{SVT4 G in a de Sitter Background 1/2}{}% 20
\BOOKMARK [1][-]{section.21}{SVT4 G in a de Sitter Background 2/2}{}% 21
\BOOKMARK [1][-]{section.22}{Conformal Gravity Introduction}{}% 22
\BOOKMARK [1][-]{section.23}{Conformal Invariance in Conformal Gravity}{}% 23
\BOOKMARK [1][-]{section.24}{Trace Properties in Conformal Gravity}{}% 24
\BOOKMARK [1][-]{section.25}{W in Conformal to Flat Backgrounds 1/3}{}% 25
\BOOKMARK [1][-]{section.26}{W in Conformal to Flat Backgrounds 2/3}{}% 26
\BOOKMARK [1][-]{section.27}{SVT4 W in Conformal to Flat Backgrounds 3/3}{}% 27
\BOOKMARK [1][-]{section.28}{Conformal Gravity Robertson-Walker Radiation Era}{}% 28
\BOOKMARK [1][-]{section.29}{Conclusions}{}% 29
\BOOKMARK [1][-]{section.30}{Computational Methods}{}% 30
\BOOKMARK [1][-]{section.31}{References}{}% 31
\BOOKMARK [1][-]{section.32}{Acknowledgments}{}% 32
\BOOKMARK [1][-]{section.33}{The End}{}% 33
