This is pdfTeX, Version 3.14159265-2.6-1.40.20 (TeX Live 2019/Debian) (preloaded format=pdflatex 2020.5.6)  6 MAY 2020 22:04
entering extended mode
 restricted \write18 enabled.
 %&-line parsing enabled.
**thesis-template.tex
(./thesis-template.tex
LaTeX2e <2020-02-02> patch level 2
L3 programming layer <2020-02-14> (./uconnthesis.cls
Document Class: uconnthesis 2016/04/26 v1.2 Standard LaTeX document class for t
he graduate students of UCONN.
\hours=\count167
\minutes=\count168
\WidestRefLabelThusFar=\dimen134
(/usr/share/texlive/texmf-dist/tex/latex/base/bk12.clo
File: bk12.clo 2019/12/20 v1.4l Standard LaTeX file (size option)
)
\c@part=\count169
\c@chapter=\count170
\c@section=\count171
\c@subsection=\count172
\c@subsubsection=\count173
\c@paragraph=\count174
\c@subparagraph=\count175
\beforechaptervspace=\skip47
\afterchaptervspace=\skip48
\exampleindent=\skip49
\c@figure=\count176
\c@table=\count177
\abovecaptionskip=\skip50
\belowcaptionskip=\skip51
\bibindent=\dimen135
)
(/usr/share/texlive/texmf-dist/tex/latex/natbib/natbib.sty
Package: natbib 2010/09/13 8.31b (PWD, AO)
\bibhang=\skip52
\bibsep=\skip53
LaTeX Info: Redefining \cite on input line 694.
\c@NAT@ctr=\count178
)
(/usr/share/texlive/texmf-dist/tex/latex/mathtools/mathtools.sty
Package: mathtools 2020/01/17 v1.23 mathematical typesetting tools

(/usr/share/texlive/texmf-dist/tex/latex/graphics/keyval.sty
Package: keyval 2014/10/28 v1.15 key=value parser (DPC)
\KV@toks@=\toks14
)
(/usr/share/texlive/texmf-dist/tex/latex/tools/calc.sty
Package: calc 2017/05/25 v4.3 Infix arithmetic (KKT,FJ)
\calc@Acount=\count179
\calc@Bcount=\count180
\calc@Adimen=\dimen136
\calc@Bdimen=\dimen137
\calc@Askip=\skip54
\calc@Bskip=\skip55
LaTeX Info: Redefining \setlength on input line 80.
LaTeX Info: Redefining \addtolength on input line 81.
\calc@Ccount=\count181
\calc@Cskip=\skip56
)
(/usr/share/texlive/texmf-dist/tex/latex/mathtools/mhsetup.sty
Package: mhsetup 2017/03/31 v1.3 programming setup (MH)
)
(/usr/share/texlive/texmf-dist/tex/latex/amsmath/amsmath.sty
Package: amsmath 2020/01/20 v2.17e AMS math features
\@mathmargin=\skip57

For additional information on amsmath, use the `?' option.
(/usr/share/texlive/texmf-dist/tex/latex/amsmath/amstext.sty
Package: amstext 2000/06/29 v2.01 AMS text

(/usr/share/texlive/texmf-dist/tex/latex/amsmath/amsgen.sty
File: amsgen.sty 1999/11/30 v2.0 generic functions
\@emptytoks=\toks15
\ex@=\dimen138
))
(/usr/share/texlive/texmf-dist/tex/latex/amsmath/amsbsy.sty
Package: amsbsy 1999/11/29 v1.2d Bold Symbols
\pmbraise@=\dimen139
)
(/usr/share/texlive/texmf-dist/tex/latex/amsmath/amsopn.sty
Package: amsopn 2016/03/08 v2.02 operator names
)
\inf@bad=\count182
LaTeX Info: Redefining \frac on input line 227.
\uproot@=\count183
\leftroot@=\count184
LaTeX Info: Redefining \overline on input line 389.
\classnum@=\count185
\DOTSCASE@=\count186
LaTeX Info: Redefining \ldots on input line 486.
LaTeX Info: Redefining \dots on input line 489.
LaTeX Info: Redefining \cdots on input line 610.
\Mathstrutbox@=\box45
\strutbox@=\box46
\big@size=\dimen140
LaTeX Font Info:    Redeclaring font encoding OML on input line 733.
LaTeX Font Info:    Redeclaring font encoding OMS on input line 734.
\macc@depth=\count187
\c@MaxMatrixCols=\count188
\dotsspace@=\muskip16
\c@parentequation=\count189
\dspbrk@lvl=\count190
\tag@help=\toks16
\row@=\count191
\column@=\count192
\maxfields@=\count193
\andhelp@=\toks17
\eqnshift@=\dimen141
\alignsep@=\dimen142
\tagshift@=\dimen143
\tagwidth@=\dimen144
\totwidth@=\dimen145
\lineht@=\dimen146
\@envbody=\toks18
\multlinegap=\skip58
\multlinetaggap=\skip59
\mathdisplay@stack=\toks19
LaTeX Info: Redefining \[ on input line 2859.
LaTeX Info: Redefining \] on input line 2860.
)
LaTeX Info: Thecontrolsequence`\('isalreadyrobust on input line 129.
LaTeX Info: Thecontrolsequence`\)'isalreadyrobust on input line 129.
LaTeX Info: Thecontrolsequence`\['isalreadyrobust on input line 129.
LaTeX Info: Thecontrolsequence`\]'isalreadyrobust on input line 129.
\g_MT_multlinerow_int=\count194
\l_MT_multwidth_dim=\dimen147
\origjot=\skip60
\l_MT_shortvdotswithinadjustabove_dim=\dimen148
\l_MT_shortvdotswithinadjustbelow_dim=\dimen149
\l_MT_above_intertext_sep=\dimen150
\l_MT_below_intertext_sep=\dimen151
\l_MT_above_shortintertext_sep=\dimen152
\l_MT_below_shortintertext_sep=\dimen153
)
(/usr/share/texlive/texmf-dist/tex/latex/amsfonts/amssymb.sty
Package: amssymb 2013/01/14 v3.01 AMS font symbols

(/usr/share/texlive/texmf-dist/tex/latex/amsfonts/amsfonts.sty
Package: amsfonts 2013/01/14 v3.01 Basic AMSFonts support
\symAMSa=\mathgroup4
\symAMSb=\mathgroup5
LaTeX Font Info:    Redeclaring math symbol \hbar on input line 98.
LaTeX Font Info:    Overwriting math alphabet `\mathfrak' in version `bold'
(Font)                  U/euf/m/n --> U/euf/b/n on input line 106.
))
(/usr/share/texlive/texmf-dist/tex/latex/hyperref/hyperref.sty
Package: hyperref 2020/01/14 v7.00d Hypertext links for LaTeX

(/usr/share/texlive/texmf-dist/tex/generic/ltxcmds/ltxcmds.sty
Package: ltxcmds 2019/12/15 v1.24 LaTeX kernel commands for general use (HO)
)
(/usr/share/texlive/texmf-dist/tex/generic/iftex/iftex.sty
Package: iftex 2019/11/07 v1.0c TeX engine tests
)
(/usr/share/texlive/texmf-dist/tex/latex/pdftexcmds/pdftexcmds.sty
Package: pdftexcmds 2019/11/24 v0.31 Utility functions of pdfTeX for LuaTeX (HO
)

(/usr/share/texlive/texmf-dist/tex/generic/infwarerr/infwarerr.sty
Package: infwarerr 2019/12/03 v1.5 Providing info/warning/error messages (HO)
)
Package pdftexcmds Info: \pdf@primitive is available.
Package pdftexcmds Info: \pdf@ifprimitive is available.
Package pdftexcmds Info: \pdfdraftmode found.
)
(/usr/share/texlive/texmf-dist/tex/generic/kvsetkeys/kvsetkeys.sty
Package: kvsetkeys 2019/12/15 v1.18 Key value parser (HO)
)
(/usr/share/texlive/texmf-dist/tex/generic/kvdefinekeys/kvdefinekeys.sty
Package: kvdefinekeys 2019-12-19 v1.6 Define keys (HO)
)
(/usr/share/texlive/texmf-dist/tex/generic/pdfescape/pdfescape.sty
Package: pdfescape 2019/12/09 v1.15 Implements pdfTeX's escape features (HO)
)
(/usr/share/texlive/texmf-dist/tex/latex/hycolor/hycolor.sty
Package: hycolor 2020-01-27 v1.10 Color options for hyperref/bookmark (HO)
)
(/usr/share/texlive/texmf-dist/tex/latex/letltxmacro/letltxmacro.sty
Package: letltxmacro 2019/12/03 v1.6 Let assignment for LaTeX macros (HO)
)
(/usr/share/texlive/texmf-dist/tex/latex/auxhook/auxhook.sty
Package: auxhook 2019-12-17 v1.6 Hooks for auxiliary files (HO)
)
(/usr/share/texlive/texmf-dist/tex/latex/kvoptions/kvoptions.sty
Package: kvoptions 2019/11/29 v3.13 Key value format for package options (HO)
)
\@linkdim=\dimen154
\Hy@linkcounter=\count195
\Hy@pagecounter=\count196

(/usr/share/texlive/texmf-dist/tex/latex/hyperref/pd1enc.def
File: pd1enc.def 2020/01/14 v7.00d Hyperref: PDFDocEncoding definition (HO)
Now handling font encoding PD1 ...
... no UTF-8 mapping file for font encoding PD1
)
(/usr/share/texlive/texmf-dist/tex/generic/intcalc/intcalc.sty
Package: intcalc 2019/12/15 v1.3 Expandable calculations with integers (HO)
)
(/usr/share/texlive/texmf-dist/tex/generic/etexcmds/etexcmds.sty
Package: etexcmds 2019/12/15 v1.7 Avoid name clashes with e-TeX commands (HO)
)
\Hy@SavedSpaceFactor=\count197
\pdfmajorversion=\count198
Package hyperref Info: Hyper figures OFF on input line 4547.
Package hyperref Info: Link nesting OFF on input line 4552.
Package hyperref Info: Hyper index ON on input line 4555.
Package hyperref Info: Plain pages OFF on input line 4562.
Package hyperref Info: Backreferencing OFF on input line 4567.
Package hyperref Info: Implicit mode ON; LaTeX internals redefined.
Package hyperref Info: Bookmarks ON on input line 4800.
\c@Hy@tempcnt=\count199

(/usr/share/texlive/texmf-dist/tex/latex/url/url.sty
\Urlmuskip=\muskip17
Package: url 2013/09/16  ver 3.4  Verb mode for urls, etc.
)
LaTeX Info: Redefining \url on input line 5159.
\XeTeXLinkMargin=\dimen155

(/usr/share/texlive/texmf-dist/tex/generic/bitset/bitset.sty
Package: bitset 2019/12/09 v1.3 Handle bit-vector datatype (HO)

(/usr/share/texlive/texmf-dist/tex/generic/bigintcalc/bigintcalc.sty
Package: bigintcalc 2019/12/15 v1.5 Expandable calculations on big integers (HO
)
))
\Fld@menulength=\count266
\Field@Width=\dimen156
\Fld@charsize=\dimen157
Package hyperref Info: Hyper figures OFF on input line 6430.
Package hyperref Info: Link nesting OFF on input line 6435.
Package hyperref Info: Hyper index ON on input line 6438.
Package hyperref Info: backreferencing OFF on input line 6445.
Package hyperref Info: Link coloring OFF on input line 6450.
Package hyperref Info: Link coloring with OCG OFF on input line 6455.
Package hyperref Info: PDF/A mode OFF on input line 6460.
LaTeX Info: Redefining \ref on input line 6500.
LaTeX Info: Redefining \pageref on input line 6504.

(/usr/share/texlive/texmf-dist/tex/generic/atbegshi/atbegshi.sty
Package: atbegshi 2019/12/05 v1.19 At begin shipout hook (HO)
)
\Hy@abspage=\count267
\c@Item=\count268
\c@Hfootnote=\count269
)
Package hyperref Info: Driver (autodetected): hpdftex.

(/usr/share/texlive/texmf-dist/tex/latex/hyperref/hpdftex.def
File: hpdftex.def 2020/01/14 v7.00d Hyperref driver for pdfTeX

(/usr/share/texlive/texmf-dist/tex/latex/atveryend/atveryend.sty
Package: atveryend 2019-12-11 v1.11 Hooks at the very end of document (HO)
Package atveryend Info: \enddocument detected (standard20110627).
)
\Fld@listcount=\count270
\c@bookmark@seq@number=\count271

(/usr/share/texlive/texmf-dist/tex/latex/rerunfilecheck/rerunfilecheck.sty
Package: rerunfilecheck 2019/12/05 v1.9 Rerun checks for auxiliary files (HO)

(/usr/share/texlive/texmf-dist/tex/generic/uniquecounter/uniquecounter.sty
Package: uniquecounter 2019/12/15 v1.4 Provide unlimited unique counter (HO)
)
Package uniquecounter Info: New unique counter `rerunfilecheck' on input line 2
86.
)
\Hy@SectionHShift=\skip61
)
(/usr/share/texlive/texmf-dist/tex/latex/xcolor/xcolor.sty
Package: xcolor 2016/05/11 v2.12 LaTeX color extensions (UK)

(/usr/share/texlive/texmf-dist/tex/latex/graphics-cfg/color.cfg
File: color.cfg 2016/01/02 v1.6 sample color configuration
)
Package xcolor Info: Driver file: pdftex.def on input line 225.

(/usr/share/texlive/texmf-dist/tex/latex/graphics-def/pdftex.def
File: pdftex.def 2018/01/08 v1.0l Graphics/color driver for pdftex
)
Package xcolor Info: Model `cmy' substituted by `cmy0' on input line 1348.
Package xcolor Info: Model `hsb' substituted by `rgb' on input line 1352.
Package xcolor Info: Model `RGB' extended on input line 1364.
Package xcolor Info: Model `HTML' substituted by `rgb' on input line 1366.
Package xcolor Info: Model `Hsb' substituted by `hsb' on input line 1367.
Package xcolor Info: Model `tHsb' substituted by `hsb' on input line 1368.
Package xcolor Info: Model `HSB' substituted by `hsb' on input line 1369.
Package xcolor Info: Model `Gray' substituted by `gray' on input line 1370.
Package xcolor Info: Model `wave' substituted by `hsb' on input line 1371.
)
(/usr/share/texlive/texmf-dist/tex/latex/graphics/graphicx.sty
Package: graphicx 2019/11/30 v1.2a Enhanced LaTeX Graphics (DPC,SPQR)

(/usr/share/texlive/texmf-dist/tex/latex/graphics/graphics.sty
Package: graphics 2019/11/30 v1.4a Standard LaTeX Graphics (DPC,SPQR)

(/usr/share/texlive/texmf-dist/tex/latex/graphics/trig.sty
Package: trig 2016/01/03 v1.10 sin cos tan (DPC)
)
(/usr/share/texlive/texmf-dist/tex/latex/graphics-cfg/graphics.cfg
File: graphics.cfg 2016/06/04 v1.11 sample graphics configuration
)
Package graphics Info: Driver file: pdftex.def on input line 105.
)
\Gin@req@height=\dimen158
\Gin@req@width=\dimen159
)
Package hyperref Info: Option `colorlinks' set `true' on input line 14.
\GPT@outputbox=\box47

(/usr/share/texlive/texmf-dist/tex/latex/l3backend/l3backend-pdfmode.def
File: l3backend-pdfmode.def 2020-02-03 L3 backend support: PDF mode
\l__kernel_color_stack_int=\count272
\l__pdf_internal_box=\box48
)
(./thesis-template.aux

LaTeX Warning: Label `2.19' multiply defined.


LaTeX Warning: Label `2.20' multiply defined.

)
\openout1 = `thesis-template.aux'.

LaTeX Font Info:    Checking defaults for OML/cmm/m/it on input line 28.
LaTeX Font Info:    ... okay on input line 28.
LaTeX Font Info:    Checking defaults for OMS/cmsy/m/n on input line 28.
LaTeX Font Info:    ... okay on input line 28.
LaTeX Font Info:    Checking defaults for OT1/cmr/m/n on input line 28.
LaTeX Font Info:    ... okay on input line 28.
LaTeX Font Info:    Checking defaults for T1/cmr/m/n on input line 28.
LaTeX Font Info:    ... okay on input line 28.
LaTeX Font Info:    Checking defaults for TS1/cmr/m/n on input line 28.
LaTeX Font Info:    ... okay on input line 28.
LaTeX Font Info:    Checking defaults for OMX/cmex/m/n on input line 28.
LaTeX Font Info:    ... okay on input line 28.
LaTeX Font Info:    Checking defaults for U/cmr/m/n on input line 28.
LaTeX Font Info:    ... okay on input line 28.
LaTeX Font Info:    Checking defaults for PD1/pdf/m/n on input line 28.
LaTeX Font Info:    ... okay on input line 28.
\AtBeginShipoutBox=\box49
Package hyperref Info: Link coloring ON on input line 28.
 (/usr/share/texlive/texmf-dist/tex/latex/hyperref/nameref.sty
Package: nameref 2019/09/16 v2.46 Cross-referencing by name of section

(/usr/share/texlive/texmf-dist/tex/latex/refcount/refcount.sty
Package: refcount 2019/12/15 v3.6 Data extraction from label references (HO)
)
(/usr/share/texlive/texmf-dist/tex/generic/gettitlestring/gettitlestring.sty
Package: gettitlestring 2019/12/15 v1.6 Cleanup title references (HO)
)
\c@section@level=\count273
)
LaTeX Info: Redefining \ref on input line 28.
LaTeX Info: Redefining \pageref on input line 28.
LaTeX Info: Redefining \nameref on input line 28.

(./thesis-template.out) (./thesis-template.out)
\@outlinefile=\write3
\openout3 = `thesis-template.out'.


(/usr/share/texlive/texmf-dist/tex/context/base/mkii/supp-pdf.mkii
[Loading MPS to PDF converter (version 2006.09.02).]
\scratchcounter=\count274
\scratchdimen=\dimen160
\scratchbox=\box50
\nofMPsegments=\count275
\nofMParguments=\count276
\everyMPshowfont=\toks20
\MPscratchCnt=\count277
\MPscratchDim=\dimen161
\MPnumerator=\count278
\makeMPintoPDFobject=\count279
\everyMPtoPDFconversion=\toks21
) (/usr/share/texlive/texmf-dist/tex/latex/epstopdf-pkg/epstopdf-base.sty
Package: epstopdf-base 2020-01-24 v2.11 Base part for package epstopdf
Package epstopdf-base Info: Redefining graphics rule for `.eps' on input line 4
85.

(/usr/share/texlive/texmf-dist/tex/latex/latexconfig/epstopdf-sys.cfg
File: epstopdf-sys.cfg 2010/07/13 v1.3 Configuration of (r)epstopdf for TeX Liv
e
))
LaTeX Font Info:    Trying to load font information for U+msa on input line 55.


(/usr/share/texlive/texmf-dist/tex/latex/amsfonts/umsa.fd
File: umsa.fd 2013/01/14 v3.01 AMS symbols A
)
LaTeX Font Info:    Trying to load font information for U+msb on input line 55.


(/usr/share/texlive/texmf-dist/tex/latex/amsfonts/umsb.fd
File: umsb.fd 2013/01/14 v3.01 AMS symbols B
) [1

{/var/lib/texmf/fonts/map/pdftex/updmap/pdftex.map}] [2] [3

] [1] [2] [3] (./thesis-template.toc
[4] [5]
Overfull \hbox (5.54599pt too wide) in paragraph at lines 72--72
 [][] [][][]\OT1/cmr/m/n/12 Transverse and Lon-gi-tu-di-nal Pro-jec-tion Op-er-
a-tors for Curved Space- 
 []

[6])
\tf@toc=\write4
\openout4 = `thesis-template.toc'.

 [7] (./Chapters/Intro.tex
Chapter 1.
) (./Chapters/Formalism.texpdfTeX warning (ext4): destination with the same ide
ntifier (name{page.1}) has been already used, duplicate ignored
<to be read again> 
                   \relax 
l.2 \chapter
            {Formalism} [1


]
Chapter 2.
pdfTeX warning (ext4): destination with the same identifier (name{page.2}) has 
been already used, duplicate ignored
<to be read again> 
                   \relax 
l.8 
     [2


]pdfTeX warning (ext4): destination with the same identifier (name{page.3}) has
 been already used, duplicate ignored
<to be read again> 
                   \relax 
l.23 \end{eqnarray}
                    [3] [4] [5] [6] [7] [8] [9] [10] [11] [12] [13] [14]
[15] [16] [17] [18]
Overfull \hbox (0.71957pt too wide) in paragraph at lines 436--440
\OT1/cmr/m/n/12 while vari-a-tion with re-spect to the met-ric yields the mat-t
er field energy-momentum
 []

[19] [20] [21] [22] [23] [24]
Overfull \hbox (5.31537pt too wide) in paragraph at lines 568--570
\OT1/cmr/m/n/12 The co-or-di-nate trans-for-ma-tions nec-es-sary to bring the c
o-moving Rober-ston Walker
 []

[25]) (./Chapters/SVT_Basis.tex [26]
Chapter 3.

Package natbib Warning: Citation `Ellis2012' on page 27 undefined on input line
 5.

[27


] [28]

Package hyperref Warning: Token not allowed in a PDF string (PDFDocEncoding):
(hyperref)                removing `math shift' on input line 51.


Package hyperref Warning: Token not allowed in a PDF string (PDFDocEncoding):
(hyperref)                removing `subscript' on input line 51.


Package hyperref Warning: Token not allowed in a PDF string (PDFDocEncoding):
(hyperref)                removing `\mu' on input line 51.


Package hyperref Warning: Token not allowed in a PDF string (PDFDocEncoding):
(hyperref)                removing `\nu' on input line 51.


Package hyperref Warning: Token not allowed in a PDF string (PDFDocEncoding):
(hyperref)                removing `math shift' on input line 51.

[29]

Package hyperref Warning: Token not allowed in a PDF string (PDFDocEncoding):
(hyperref)                removing `math shift' on input line 101.


Package hyperref Warning: Token not allowed in a PDF string (PDFDocEncoding):
(hyperref)                removing `subscript' on input line 101.


Package hyperref Warning: Token not allowed in a PDF string (PDFDocEncoding):
(hyperref)                removing `\mu' on input line 101.


Package hyperref Warning: Token not allowed in a PDF string (PDFDocEncoding):
(hyperref)                removing `\nu' on input line 101.


Package hyperref Warning: Token not allowed in a PDF string (PDFDocEncoding):
(hyperref)                removing `math shift' on input line 101.

[30] [31] [32] [33] [34] [35] [36] [37]

LaTeX Warning: Hyper reference `c:decomposition_theorem' on page 38 undefined o
n input line 336.

[38] [39]

LaTeX Warning: Hyper reference `c:decomposition_theorem' on page 40 undefined o
n input line 385.

[40] [41] [42]

LaTeX Warning: Reference `S2' on page 43 undefined on input line 446.

[43] [44] [45] [46]

Package hyperref Warning: Token not allowed in a PDF string (PDFDocEncoding):
(hyperref)                removing `math shift' on input line 539.


Package hyperref Warning: Token not allowed in a PDF string (PDFDocEncoding):
(hyperref)                removing `math shift' on input line 539.


Package natbib Warning: Citation `Amarasinghe2018' on page 47 undefined on inpu
t line 543.

[47] [48] [49] [50] [51]
Overfull \hbox (2.34076pt too wide) in alignment at lines 647--663
 [][][] []
 []

[52]

LaTeX Warning: Reference `1.1' on page 53 undefined on input line 693.

[53]

LaTeX Warning: Reference `S7' on page 54 undefined on input line 710.

[54] [55] [56] [57]

LaTeX Warning: Hyper reference `c:decomposition_theorem' on page 58 undefined o
n input line 788.

[58] [59] [60]
Overfull \hbox (49.82332pt too wide) in alignment at lines 861--865
 [][][] []
 []

[61]

LaTeX Warning: Reference `1.1' on page 62 undefined on input line 893.


LaTeX Warning: Reference `1.1' on page 62 undefined on input line 893.


Overfull \hbox (117.0736pt too wide) in alignment at lines 895--898
 [][][] []
 []

[62]) (./Chapters/Solutions.tex [63]
Chapter 4.

Package hyperref Warning: Token not allowed in a PDF string (PDFDocEncoding):
(hyperref)                removing `math shift' on input line 11.


Package hyperref Warning: Token not allowed in a PDF string (PDFDocEncoding):
(hyperref)                removing `subscript' on input line 11.


Package hyperref Warning: Token not allowed in a PDF string (PDFDocEncoding):
(hyperref)                removing `math shift' on input line 11.

[64


] [65] [66]

LaTeX Warning: Reference `S1' on page 67 undefined on input line 159.

[67] [68]

Package hyperref Warning: Token not allowed in a PDF string (PDFDocEncoding):
(hyperref)                removing `math shift' on input line 198.


Package hyperref Warning: Token not allowed in a PDF string (PDFDocEncoding):
(hyperref)                removing `math shift' on input line 198.

[69] [70] [71] [72] [73] [74] [75] [76] [77] [78] [79]

LaTeX Warning: Reference `S13' on page 80 undefined on input line 636.

[80]
Overfull \hbox (0.78069pt too wide) in paragraph at lines 657--661
\OT1/cmr/m/n/12 With the 3-space sec-tor of the back-ground ge-om-e-try be-ing 
max-i-mally 3-symmetric,
 []

[81]
Overfull \hbox (1.71419pt too wide) in alignment at lines 702--714
 [][][] []
 []

[82] [83] [84] [85]

LaTeX Warning: Reference `SS522' on page 86 undefined on input line 902.

[86] [87] [88] [89] [90] [91] [92] [93] [94] [95] [96] [97]

Package hyperref Warning: Token not allowed in a PDF string (PDFDocEncoding):
(hyperref)                removing `math shift' on input line 1322.


Package hyperref Warning: Token not allowed in a PDF string (PDFDocEncoding):
(hyperref)                removing `math shift' on input line 1322.


LaTeX Warning: Reference `S1' on page 98 undefined on input line 1329.


LaTeX Warning: Reference `S11' on page 98 undefined on input line 1329.

[98] [99] [100] [101] [102]

LaTeX Warning: Reference `S1' on page 103 undefined on input line 1453.

[103]
Overfull \hbox (1.90602pt too wide) in alignment at lines 1526--1541
 [][][] []
 []

[104] [105] [106] [107] [108] [109] [110] [111] [112] [113]

LaTeX Warning: Reference `S10' on page 114 undefined on input line 1820.

[114] [115]
Overfull \hbox (0.59856pt too wide) in alignment at lines 1867--1873
 [][][] []
 []

[116]

Package hyperref Warning: Token not allowed in a PDF string (PDFDocEncoding):
(hyperref)                removing `math shift' on input line 1894.


Package hyperref Warning: Token not allowed in a PDF string (PDFDocEncoding):
(hyperref)                removing `\delta' on input line 1894.


Package hyperref Warning: Token not allowed in a PDF string (PDFDocEncoding):
(hyperref)                removing `subscript' on input line 1894.


Package hyperref Warning: Token not allowed in a PDF string (PDFDocEncoding):
(hyperref)                removing `\mu' on input line 1894.


Package hyperref Warning: Token not allowed in a PDF string (PDFDocEncoding):
(hyperref)                removing `\nu' on input line 1894.


Package hyperref Warning: Token not allowed in a PDF string (PDFDocEncoding):
(hyperref)                removing `math shift' on input line 1894.

[117] [118] [119] [120] [121] [122] [123]

LaTeX Warning: Reference `SS522' on page 124 undefined on input line 2107.

[124] [125] [126] [127] [128]

LaTeX Warning: Reference `S9' on page 129 undefined on input line 2235.


LaTeX Warning: Reference `S10' on page 129 undefined on input line 2235.


LaTeX Warning: Reference `S11' on page 129 undefined on input line 2235.

[129] [130] [131]
Overfull \hbox (3.21458pt too wide) in alignment at lines 2287--2296
 [][][] []
 []

[132]
Overfull \hbox (2.61261pt too wide) in paragraph at lines 2326--2330
\OT1/cmr/m/n/12 with the elim-i-na-tion of the gauge pa-ram-e-ters lead-ing di-
rectly to the gauge-invariant
 []


LaTeX Warning: Reference `S1' on page 133 undefined on input line 2355.

[133] [134] [135] [136]

Package hyperref Warning: Token not allowed in a PDF string (PDFDocEncoding):
(hyperref)                removing `math shift' on input line 2420.


Package hyperref Warning: Token not allowed in a PDF string (PDFDocEncoding):
(hyperref)                removing `subscript' on input line 2420.


Package hyperref Warning: Token not allowed in a PDF string (PDFDocEncoding):
(hyperref)                removing `math shift' on input line 2420.

[137] [138]
Overfull \hbox (17.02104pt too wide) in paragraph at lines 2530--2532
[]\OT1/cmr/m/n/12 As well as the above for-mu-la-tion, which in-volves the Gree
n's func-tion $\OML/cmm/m/it/12 D[]\OT1/cmr/m/n/12 (\OML/cmm/m/it/12 x; y\OT1/c
mr/m/n/12 )$,
 []

[139] [140] [141] [142]
Overfull \hbox (4.93271pt too wide) in paragraph at lines 2672--2676
\OT1/cmr/m/n/12 (To ob-tain this so-lu-tion for $\OML/cmm/m/it/12 ^^_$ \OT1/cmr
/m/n/12 it is more straight-for-ward to use $\OML/cmm/m/it/12 ds[] \OT1/cmr/m/n
/12 = (1\OML/cmm/m/it/12 =^^\[]H[]\OT1/cmr/m/n/12 )(\OML/cmm/m/it/12 d^^\[] \OM
S/cmsy/m/n/12 ^^@
 []

[143] [144] [145] [146] [147] [148]

LaTeX Warning: Reference `S1' on page 149 undefined on input line 2911.

[149] [150]
Overfull \hbox (4.9572pt too wide) in alignment at lines 2934--2959
 [][][] []
 []

[151]

LaTeX Warning: Reference `S14' on page 152 undefined on input line 3006.

[152] [153] [154] [155] [156] [157] [158] [159] [160]
Overfull \hbox (1.2428pt too wide) in alignment at lines 3288--3297
 [][][] []
 []

[161] [162]

Package hyperref Warning: Token not allowed in a PDF string (PDFDocEncoding):
(hyperref)                removing `math shift' on input line 3358.


Package hyperref Warning: Token not allowed in a PDF string (PDFDocEncoding):
(hyperref)                removing `\delta' on input line 3358.


Package hyperref Warning: Token not allowed in a PDF string (PDFDocEncoding):
(hyperref)                removing `subscript' on input line 3358.


Package hyperref Warning: Token not allowed in a PDF string (PDFDocEncoding):
(hyperref)                removing `\mu' on input line 3358.


Package hyperref Warning: Token not allowed in a PDF string (PDFDocEncoding):
(hyperref)                removing `\nu' on input line 3358.


Package hyperref Warning: Token not allowed in a PDF string (PDFDocEncoding):
(hyperref)                removing `math shift' on input line 3358.

[163]
Overfull \hbox (12.66112pt too wide) in paragraph at lines 3371--3375
\OT1/cmr/m/n/12 where all deriva-tives are four-dimensional deriva-tives with r
e-spect to a flat Minkowski
 []

) (./Chapters/Gauges.tex [164] [165]
Chapter 5.
[166


] [167] [168] [169] [170] [171] [172] [173] [174]

LaTeX Warning: Reference `SF' on page 175 undefined on input line 443.


LaTeX Warning: Reference `F2' on page 175 undefined on input line 443.


LaTeX Warning: Reference `F3' on page 175 undefined on input line 443.

[175]

LaTeX Warning: Reference `SA' on page 176 undefined on input line 456.


Overfull \hbox (2.32645pt too wide) in paragraph at lines 454--457
\OT1/cmr/m/n/12 If we ex-tract out a fac-tor of $
[](\OML/cmm/m/it/12 x\OT1/cmr/m/n/12 )$ from the fluc-tu-a-tion by set-ting $\O
ML/cmm/m/it/12 K[] \OT1/cmr/m/n/12 = 
[](\OML/cmm/m/it/12 x\OT1/cmr/m/n/12 )\OML/cmm/m/it/12 k[]$\OT1/cmr/m/n/12 ,
 []

[176] [177]
Overfull \hbox (0.16647pt too wide) in alignment at lines 518--537
 [][][] []
 []

[178]

LaTeX Warning: Reference `AP30' on page 179 undefined on input line 547.

[179] [180] [181] [182] [183] [184] [185] [186] [187] [188]

Package hyperref Warning: Token not allowed in a PDF string (PDFDocEncoding):
(hyperref)                removing `math shift' on input line 739.


Package hyperref Warning: Token not allowed in a PDF string (PDFDocEncoding):
(hyperref)                removing `\delta' on input line 739.


Package hyperref Warning: Token not allowed in a PDF string (PDFDocEncoding):
(hyperref)                removing `subscript' on input line 739.


Package hyperref Warning: Token not allowed in a PDF string (PDFDocEncoding):
(hyperref)                removing `\mu' on input line 739.


Package hyperref Warning: Token not allowed in a PDF string (PDFDocEncoding):
(hyperref)                removing `\nu' on input line 739.


Package hyperref Warning: Token not allowed in a PDF string (PDFDocEncoding):
(hyperref)                removing `math shift' on input line 739.


LaTeX Warning: Reference `AP76' on page 189 undefined on input line 744.


LaTeX Warning: Reference `AP76' on page 189 undefined on input line 744.

[189] [190]
Overfull \hbox (1.24954pt too wide) in alignment at lines 817--854
 [][][] []
 []

) (./Chapters/Conclusions.tex [191] [192]
Chapter 6.
) (./Chapters/References.tex [193


] (./thesis-template.bbl [194


] [195]))
(./Chapters/AppendixA_Projections.tex [196]
Chapter A.

Package hyperref Warning: Token not allowed in a PDF string (PDFDocEncoding):
(hyperref)                removing `math shift' on input line 6.


Package hyperref Warning: Token not allowed in a PDF string (PDFDocEncoding):
(hyperref)                removing `math shift' on input line 6.

[197


] [198] [199] [200]
Overfull \hbox (6.30396pt too wide) in paragraph at lines 343--347
\OT1/cmr/m/n/12 with $\OML/cmm/m/it/12 h[]$ \OT1/cmr/m/n/12 be-ing both trace-l
ess and trans-verse. With $\OML/cmm/m/it/12 Q[]$ \OT1/cmr/m/n/12 im-ple-ment-in
g $\OML/cmm/m/it/12 Q[]h[] \OT1/cmr/m/n/12 =
 []

[201]

LaTeX Warning: Reference `SS612' on page 202 undefined on input line 408.


Overfull \hbox (12.66112pt too wide) in paragraph at lines 421--425
\OT1/cmr/m/n/12 where all deriva-tives are four-dimensional deriva-tives with r
e-spect to a flat Minkowski
 []

[202]
Overfull \hbox (1.73087pt too wide) detected at line 494
 $\OML/cmm/m/it/12 h[] \OT1/cmr/m/n/12 = \OML/cmm/m/it/12 h[] \OMS/cmsy/m/n/12 
^^@ r[] [] \OML/cmm/m/it/12 d[]x[]\OT1/cmr/m/n/12 (\OMS/cmsy/m/n/12 ^^@\OML/cmm
/m/it/12 g\OT1/cmr/m/n/12 )[]\OML/cmm/m/it/12 D[]\OT1/cmr/m/n/12 (\OML/cmm/m/it
/12 x; x[]\OT1/cmr/m/n/12 )\OMS/cmsy/m/n/12 r[]\OML/cmm/m/it/12 h[] \OMS/cmsy/m
/n/12 ^^@ r[] [] \OML/cmm/m/it/12 d[]x[]\OT1/cmr/m/n/12 (\OMS/cmsy/m/n/12 ^^@\O
ML/cmm/m/it/12 g\OT1/cmr/m/n/12 )[]\OML/cmm/m/it/12 D[]\OT1/cmr/m/n/12 (\OML/cm
m/m/it/12 x; x[]\OT1/cmr/m/n/12 )\OMS/cmsy/m/n/12 r[]\OML/cmm/m/it/12 h[];$  
 []

[203]

LaTeX Warning: Reference `SS612' on page 204 undefined on input line 536.


LaTeX Warning: Reference `SS522' on page 204 undefined on input line 536.

[204] [205]) (./Chapters/AppendixB_Cosmologies.tex [206]
Chapter B.

Package hyperref Warning: Token not allowed in a PDF string (PDFDocEncoding):
(hyperref)                removing `math shift' on input line 6.


Package hyperref Warning: Token not allowed in a PDF string (PDFDocEncoding):
(hyperref)                removing `math shift' on input line 6.


Package hyperref Warning: Token not allowed in a PDF string (PDFDocEncoding):
(hyperref)                removing `math shift' on input line 32.


Package hyperref Warning: Token not allowed in a PDF string (PDFDocEncoding):
(hyperref)                removing `math shift' on input line 32.

[207


]
Overfull \hbox (6.06743pt too wide) in paragraph at lines 79--83
\OT1/cmr/m/n/12 To bring the spa-tial sec-tor of ([][]B.9[][]) to Carte-sian co
-or-di-nates we set $\OML/cmm/m/it/12 x[] \OT1/cmr/m/n/12 = \OML/cmm/m/it/12 r[
] [] ^^R [] ^^^$\OT1/cmr/m/n/12 ,
 []


Package hyperref Warning: Token not allowed in a PDF string (PDFDocEncoding):
(hyperref)                removing `math shift' on input line 91.


Package hyperref Warning: Token not allowed in a PDF string (PDFDocEncoding):
(hyperref)                removing `math shift' on input line 91.

[208]

Package hyperref Warning: Token not allowed in a PDF string (PDFDocEncoding):
(hyperref)                removing `math shift' on input line 140.


Package hyperref Warning: Token not allowed in a PDF string (PDFDocEncoding):
(hyperref)                removing `subscript' on input line 140.


Package hyperref Warning: Token not allowed in a PDF string (PDFDocEncoding):
(hyperref)                removing `math shift' on input line 140.


Package hyperref Warning: Token not allowed in a PDF string (PDFDocEncoding):
(hyperref)                removing `math shift' on input line 140.


Package hyperref Warning: Token not allowed in a PDF string (PDFDocEncoding):
(hyperref)                removing `subscript' on input line 140.


Package hyperref Warning: Token not allowed in a PDF string (PDFDocEncoding):
(hyperref)                removing `math shift' on input line 140.


Package natbib Warning: Citation `Mannheim2006' on page 209 undefined on input 
line 151.


Package hyperref Warning: Token not allowed in a PDF string (PDFDocEncoding):
(hyperref)                removing `math shift' on input line 170.


Package hyperref Warning: Token not allowed in a PDF string (PDFDocEncoding):
(hyperref)                removing `subscript' on input line 170.


Package hyperref Warning: Token not allowed in a PDF string (PDFDocEncoding):
(hyperref)                removing `math shift' on input line 170.


Package hyperref Warning: Token not allowed in a PDF string (PDFDocEncoding):
(hyperref)                removing `math shift' on input line 170.


Package hyperref Warning: Token not allowed in a PDF string (PDFDocEncoding):
(hyperref)                removing `subscript' on input line 170.


Package hyperref Warning: Token not allowed in a PDF string (PDFDocEncoding):
(hyperref)                removing `math shift' on input line 170.

[209]

Package natbib Warning: Citation `Mannheim1998' on page 210 undefined on input 
line 190.

)

Package natbib Warning: There were undefined citations.

Package atveryend Info: Empty hook `BeforeClearDocument' on input line 78.
[210]
Package atveryend Info: Empty hook `AfterLastShipout' on input line 78.
 (./thesis-template.aux)
Package atveryend Info: Executing hook `AtVeryEndDocument' on input line 78.
Package atveryend Info: Executing hook `AtEndAfterFileList' on input line 78.
Package rerunfilecheck Info: File `thesis-template.out' has not changed.
(rerunfilecheck)             Checksum: FF61CEC085D2B807821DC49B36D7102C;4547.


LaTeX Warning: There were undefined references.


LaTeX Warning: There were multiply-defined labels.

Package atveryend Info: Empty hook `AtVeryVeryEnd' on input line 78.
 )
(\end occurred when \iffalse on line 59 was incomplete)
(\end occurred when \iffalse on line 55 was incomplete) 
Here is how much of TeX's memory you used:
 9511 strings out of 483183
 134209 string characters out of 5966293
 436932 words of memory out of 5000000
 23478 multiletter control sequences out of 15000+600000
 542095 words of font info for 61 fonts, out of 8000000 for 9000
 14 hyphenation exceptions out of 8191
 37i,13n,47p,3339b,471s stack positions out of 5000i,500n,10000p,200000b,80000s
</usr/share/texlive/texm
f-dist/fonts/type1/public/amsfonts/cm/cmbx12.pfb></usr/share/texlive/texmf-dist
/fonts/type1/public/amsfonts/cm/cmbx8.pfb></usr/share/texlive/texmf-dist/fonts/
type1/public/amsfonts/cm/cmex10.pfb></usr/share/texlive/texmf-dist/fonts/type1/
public/amsfonts/cm/cmmi10.pfb></usr/share/texlive/texmf-dist/fonts/type1/public
/amsfonts/cm/cmmi12.pfb></usr/share/texlive/texmf-dist/fonts/type1/public/amsfo
nts/cm/cmmi6.pfb></usr/share/texlive/texmf-dist/fonts/type1/public/amsfonts/cm/
cmmi7.pfb></usr/share/texlive/texmf-dist/fonts/type1/public/amsfonts/cm/cmmi8.p
fb></usr/share/texlive/texmf-dist/fonts/type1/public/amsfonts/cm/cmr10.pfb></us
r/share/texlive/texmf-dist/fonts/type1/public/amsfonts/cm/cmr12.pfb></usr/share
/texlive/texmf-dist/fonts/type1/public/amsfonts/cm/cmr6.pfb></usr/share/texlive
/texmf-dist/fonts/type1/public/amsfonts/cm/cmr7.pfb></usr/share/texlive/texmf-d
ist/fonts/type1/public/amsfonts/cm/cmr8.pfb></usr/share/texlive/texmf-dist/font
s/type1/public/amsfonts/cm/cmsy10.pfb></usr/share/texlive/texmf-dist/fonts/type
1/public/amsfonts/cm/cmsy6.pfb></usr/share/texlive/texmf-dist/fonts/type1/publi
c/amsfonts/cm/cmsy7.pfb></usr/share/texlive/texmf-dist/fonts/type1/public/amsfo
nts/cm/cmsy8.pfb></usr/share/texlive/texmf-dist/fonts/type1/public/amsfonts/cm/
cmti12.pfb>
Output written on thesis-template.pdf (220 pages, 784686 bytes).
PDF statistics:
 2884 PDF objects out of 2984 (max. 8388607)
 2617 compressed objects within 27 object streams
 885 named destinations out of 1000 (max. 500000)
 457 words of extra memory for PDF output out of 10000 (max. 10000000)

