\BOOKMARK [0][-]{chapter.1}{Introduction}{}% 1
\BOOKMARK [1][-]{section.1.1}{Overview}{chapter.1}% 2
\BOOKMARK [0][-]{chapter.2}{Formalism}{}% 3
\BOOKMARK [1][-]{section.2.1}{Einstein Gravity}{chapter.2}% 4
\BOOKMARK [2][-]{subsection.2.1.1}{Fluctuations Around Flat in the Harmonic Gauge}{section.2.1}% 5
\BOOKMARK [1][-]{section.2.2}{Conformal Gravity}{chapter.2}% 6
\BOOKMARK [2][-]{subsection.2.2.1}{Conformal Invariance}{section.2.2}% 7
\BOOKMARK [2][-]{subsection.2.2.2}{Fluctuations Around Flat in the Transverse Gauge}{section.2.2}% 8
\BOOKMARK [2][-]{subsection.2.2.3}{On the Energy Momentum Tensor}{section.2.2}% 9
\BOOKMARK [1][-]{section.2.3}{Cosmological Geometries}{chapter.2}% 10
\BOOKMARK [0][-]{chapter.3}{Scalar, Vector, Tensor \(SVT\) Decomposition}{}% 11
\BOOKMARK [1][-]{section.3.1}{SVT3}{chapter.3}% 12
\BOOKMARK [2][-]{subsection.3.1.1}{SVT3 in Terms of h in a Conformal Flat Background}{section.3.1}% 13
\BOOKMARK [2][-]{subsection.3.1.2}{SVT3 in Terms of the Traceless k in a Conformal Flat Background}{section.3.1}% 14
\BOOKMARK [2][-]{subsection.3.1.3}{Gauge Structure and Asymptotic Behavior}{section.3.1}% 15
\BOOKMARK [1][-]{section.3.2}{SVTD}{chapter.3}% 16
\BOOKMARK [2][-]{subsection.3.2.1}{Gauge Structure \(D=4\)}{section.3.2}% 17
\BOOKMARK [1][-]{section.3.3}{Relating SVT3 to SVT4}{chapter.3}% 18
\BOOKMARK [1][-]{section.3.4}{Decomposition Theorem and Boundary Conditions}{chapter.3}% 19
\BOOKMARK [2][-]{subsection.3.4.1}{SVT3}{section.3.4}% 20
\BOOKMARK [2][-]{subsection.3.4.2}{SVT4}{section.3.4}% 21
\BOOKMARK [0][-]{chapter.4}{Construction and Solution of SVT Fluctuation Equations}{}% 22
\BOOKMARK [1][-]{section.4.1}{SVT3}{chapter.4}% 23
\BOOKMARK [2][-]{subsection.4.1.1}{dS4}{section.4.1}% 24
\BOOKMARK [2][-]{subsection.4.1.2}{Robertson Walker k=0 Radiation Era}{section.4.1}% 25
\BOOKMARK [2][-]{subsection.4.1.3}{General Roberston Walker}{section.4.1}% 26
\BOOKMARK [2][-]{subsection.4.1.4}{Robertson Walker k=-1}{section.4.1}% 27
\BOOKMARK [2][-]{subsection.4.1.5}{W Conformal to Flat}{section.4.1}% 28
\BOOKMARK [1][-]{section.4.2}{SVT4}{chapter.4}% 29
\BOOKMARK [2][-]{subsection.4.2.1}{Minkowski}{section.4.2}% 30
\BOOKMARK [2][-]{subsection.4.2.2}{dS4}{section.4.2}% 31
\BOOKMARK [2][-]{subsection.4.2.3}{General Robertson Walker}{section.4.2}% 32
\BOOKMARK [2][-]{subsection.4.2.4}{W Conformal to Flat}{section.4.2}% 33
\BOOKMARK [1][-]{section.4.3}{Gauge Invariants, SVT Mixing, and the Decomposition Theorem}{chapter.4}% 34
\BOOKMARK [2][-]{subsection.4.3.1}{SVT3 Fluctuations Around an Anti de Sitter Background}{section.4.3}% 35
\BOOKMARK [2][-]{subsection.4.3.2}{SVT3 Fluctuations Around a General Conformal to Flat Background}{section.4.3}% 36
\BOOKMARK [2][-]{subsection.4.3.3}{Imposition of SVT Gauge Conditions}{section.4.3}% 37
\BOOKMARK [0][-]{chapter.5}{Construction and Imposition of Gauge Conditions}{}% 38
\BOOKMARK [1][-]{section.5.1}{The Conformal Gauge and General Solutions in Conformal Gravity}{chapter.5}% 39
\BOOKMARK [2][-]{subsection.5.1.1}{The Conformal Gauge}{section.5.1}% 40
\BOOKMARK [2][-]{subsection.5.1.2}{W in an Arbitrary Background}{section.5.1}% 41
\BOOKMARK [2][-]{subsection.5.1.3}{W in a Conformal to Flat Minkowski Background}{section.5.1}% 42
\BOOKMARK [2][-]{subsection.5.1.4}{Calculation Summary}{section.5.1}% 43
\BOOKMARK [1][-]{section.5.2}{Imposing Specific Gauges within G}{chapter.5}% 44
\BOOKMARK [1][-]{section.5.3}{Robertson Walker Radiation Era Conformal Gravity Solution}{chapter.5}% 45
\BOOKMARK [0][-]{chapter.6}{Conclusions}{}% 46
\BOOKMARK [0][-]{section*.21}{Bibliography}{}% 47
\BOOKMARK [0][-]{chapter.A}{SVT by Projection}{}% 48
\BOOKMARK [1][-]{appendix.A.1}{The 3+1 Decomposition}{chapter.A}% 49
\BOOKMARK [1][-]{appendix.A.2}{Vector Fields}{chapter.A}% 50
\BOOKMARK [1][-]{appendix.A.3}{Transverse and Longitudinal Projection Operators for Flat Spacetime Tensor Fields}{chapter.A}% 51
\BOOKMARK [1][-]{appendix.A.4}{Transverse-Traceless Projection Operators for Flat Spacetime Tensor Fields}{chapter.A}% 52
\BOOKMARK [1][-]{appendix.A.5}{Transverse and Longitudinal Projection Operators for Curved Spacetime Tensor Fields}{chapter.A}% 53
\BOOKMARK [1][-]{appendix.A.6}{D-dimensional SVTD Transverse-Traceless Projection Operators for Curved Spacetime Tensor Fields}{chapter.A}% 54
\BOOKMARK [0][-]{chapter.B}{Conformal to Flat Cosmological Geometries}{}% 55
\BOOKMARK [1][-]{appendix.B.1}{Robertson-Walker k=0}{chapter.B}% 56
\BOOKMARK [1][-]{appendix.B.2}{Robertson-Walker k>0}{chapter.B}% 57
\BOOKMARK [1][-]{appendix.B.3}{Robertson-Walker k<0}{chapter.B}% 58
\BOOKMARK [1][-]{appendix.B.4}{dS4 and AdS4 Background Solutions}{chapter.B}% 59
\BOOKMARK [1][-]{appendix.B.5}{dS4 and AdS4 Background Solutions - Radiation Era}{chapter.B}% 60
\BOOKMARK [0][-]{chapter.C}{Computational Methods}{}% 61
\BOOKMARK [1][-]{appendix.C.1}{GitHub Repository}{chapter.C}% 62
\BOOKMARK [1][-]{appendix.C.2}{Mathematica and xAct}{chapter.C}% 63
\BOOKMARK [1][-]{appendix.C.3}{Detailed Calculation Example}{chapter.C}% 64
\BOOKMARK [2][-]{subsection.C.3.1}{Conformal Transformation and Perturbation of G}{appendix.C.3}% 65
\BOOKMARK [2][-]{subsection.C.3.2}{Background Equations of Motion}{appendix.C.3}% 66
\BOOKMARK [2][-]{subsection.C.3.3}{G and T Fluctuations}{appendix.C.3}% 67
\BOOKMARK [2][-]{subsection.C.3.4}{Field Equations}{appendix.C.3}% 68
\BOOKMARK [2][-]{subsection.C.3.5}{Field Equations \(Gauge Invariant Form\)}{appendix.C.3}% 69
\BOOKMARK [2][-]{subsection.C.3.6}{Conservation}{appendix.C.3}% 70
\BOOKMARK [2][-]{subsection.C.3.7}{Higher Derivative Relations}{appendix.C.3}% 71
